<?xml version="1.0" encoding="UTF-8"?>
<testng-results ignored="0" total="2" passed="2" failed="0" skipped="0">
  <reporter-output>
  </reporter-output>
  <suite started-at="2021-07-27T11:41:50Z" name="Suite" finished-at="2021-07-27T11:42:01Z" duration-ms="10810">
    <groups>
    </groups>
    <test started-at="2021-07-27T11:41:50Z" name="Test" finished-at="2021-07-27T11:42:01Z" duration-ms="10810">
      <class name="com.mypackage.Test1">
        <test-method is-config="true" signature="setup()[pri:0, instance:com.mypackage.Test1@67b9b51a]" started-at="2021-07-27T11:41:50Z" name="setup" finished-at="2021-07-27T11:41:53Z" duration-ms="3488" status="PASS">
          <reporter-output>
          </reporter-output>
        </test-method> <!-- setup -->
        <test-method signature="gmail()[pri:0, instance:com.mypackage.Test1@67b9b51a]" started-at="2021-07-27T11:41:53Z" name="gmail" finished-at="2021-07-27T11:41:55Z" duration-ms="1159" status="PASS">
          <reporter-output>
          </reporter-output>
        </test-method> <!-- gmail -->
        <test-method is-config="true" signature="teardown()[pri:0, instance:com.mypackage.Test1@67b9b51a]" started-at="2021-07-27T11:41:55Z" name="teardown" finished-at="2021-07-27T11:41:55Z" duration-ms="714" status="PASS">
          <reporter-output>
          </reporter-output>
        </test-method> <!-- teardown -->
        <test-method is-config="true" signature="setup()[pri:0, instance:com.mypackage.Test1@67b9b51a]" started-at="2021-07-27T11:41:55Z" name="setup" finished-at="2021-07-27T11:41:58Z" duration-ms="2971" status="PASS">
          <reporter-output>
          </reporter-output>
        </test-method> <!-- setup -->
        <test-method signature="products()[pri:0, instance:com.mypackage.Test1@67b9b51a]" started-at="2021-07-27T11:41:58Z" name="products" finished-at="2021-07-27T11:42:00Z" duration-ms="1814" status="PASS">
          <reporter-output>
          </reporter-output>
        </test-method> <!-- products -->
        <test-method is-config="true" signature="teardown()[pri:0, instance:com.mypackage.Test1@67b9b51a]" started-at="2021-07-27T11:42:00Z" name="teardown" finished-at="2021-07-27T11:42:01Z" duration-ms="645" status="PASS">
          <reporter-output>
          </reporter-output>
        </test-method> <!-- teardown -->
      </class> <!-- com.mypackage.Test1 -->
    </test> <!-- Test -->
  </suite> <!-- Suite -->
</testng-results>
