<?xml version="1.0" encoding="UTF-8"?>
<testng-results ignored="0" total="2" passed="2" failed="0" skipped="0">
  <reporter-output>
  </reporter-output>
  <suite started-at="2021-07-27T16:56:48 IST" name="Suite" finished-at="2021-07-27T16:57:00 IST" duration-ms="12244">
    <groups>
    </groups>
    <test started-at="2021-07-27T16:56:48 IST" name="Test" finished-at="2021-07-27T16:57:00 IST" duration-ms="12244">
      <class name="com.mypackage.Test1">
        <test-method is-config="true" signature="setup()[pri:0, instance:com.mypackage.Test1@c333c60]" started-at="2021-07-27T16:56:48 IST" name="setup" finished-at="2021-07-27T16:56:52 IST" duration-ms="4317" status="PASS">
          <reporter-output>
          </reporter-output>
        </test-method> <!-- setup -->
        <test-method signature="gmail()[pri:0, instance:com.mypackage.Test1@c333c60]" started-at="2021-07-27T16:56:52 IST" name="gmail" finished-at="2021-07-27T16:56:54 IST" duration-ms="1189" status="PASS">
          <reporter-output>
          </reporter-output>
        </test-method> <!-- gmail -->
        <test-method is-config="true" signature="teardown()[pri:0, instance:com.mypackage.Test1@c333c60]" started-at="2021-07-27T16:56:54 IST" name="teardown" finished-at="2021-07-27T16:56:54 IST" duration-ms="738" status="PASS">
          <reporter-output>
          </reporter-output>
        </test-method> <!-- teardown -->
        <test-method is-config="true" signature="setup()[pri:0, instance:com.mypackage.Test1@c333c60]" started-at="2021-07-27T16:56:54 IST" name="setup" finished-at="2021-07-27T16:56:57 IST" duration-ms="3048" status="PASS">
          <reporter-output>
          </reporter-output>
        </test-method> <!-- setup -->
        <test-method signature="products()[pri:0, instance:com.mypackage.Test1@c333c60]" started-at="2021-07-27T16:56:57 IST" name="products" finished-at="2021-07-27T16:57:00 IST" duration-ms="2204" status="PASS">
          <reporter-output>
          </reporter-output>
        </test-method> <!-- products -->
        <test-method is-config="true" signature="teardown()[pri:0, instance:com.mypackage.Test1@c333c60]" started-at="2021-07-27T16:57:00 IST" name="teardown" finished-at="2021-07-27T16:57:00 IST" duration-ms="708" status="PASS">
          <reporter-output>
          </reporter-output>
        </test-method> <!-- teardown -->
      </class> <!-- com.mypackage.Test1 -->
    </test> <!-- Test -->
  </suite> <!-- Suite -->
</testng-results>
